<?xml version="1.0" encoding="UTF-8"?>
<testsuite xmlns:xsi="http://www.w3.org/2001/XMLSchema-instance" xsi:noNamespaceSchemaLocation="https://maven.apache.org/surefire/maven-surefire-plugin/xsd/surefire-test-report.xsd" name="TestSuite" time="19.809" tests="20" errors="0" skipped="0" failures="0">
  <properties>
[...]
</properties>
  <testcase name="Given I am on the loginpage" classname="|  |  |" time="0.003"/>
  <testcase name="When I enter &quot;&quot; and &quot;&quot;" classname="|  |  |" time="0"/>
  <testcase name="And I click login button" classname="|  |  |" time="0.001"/>
  <testcase name="Then I should see error message" classname="|  |  |" time="0"/>
  <testcase name="|  |  |" classname="|  |  |" time="0.7"/>
  <testcase name="Given I am on the loginpage" classname="| 001-1240 |  |" time="0"/>
  <testcase name="When I enter &quot;001-1240&quot; and &quot;&quot;" classname="| 001-1240 |  |" time="0"/>
  <testcase name="And I click login button" classname="| 001-1240 |  |" time="0"/>
  <testcase name="Then I should see error message" classname="| 001-1240 |  |" time="0"/>
  <testcase name="| 001-1240 |  |" classname="| 001-1240 |  |" time="0.686"/>
  <testcase name="Given I am on the loginpage" classname="|  | Naveen123 |" time="0"/>
  <testcase name="When I enter &quot;&quot; and &quot;Naveen123&quot;" classname="|  | Naveen123 |" time="0"/>
  <testcase name="And I click login button" classname="|  | Naveen123 |" time="0"/>
  <testcase name="Then I should see error message" classname="|  | Naveen123 |" time="0"/>
  <testcase name="|  | Naveen123 |" classname="|  | Naveen123 |" time="0.687"/>
  <testcase name="Given I am on the loginpage" classname="| 001-1240 | Naveen123 |" time="0"/>
  <testcase name="When I enter &quot;001-1240&quot; and &quot;Naveen123&quot;" classname="| 001-1240 | Naveen123 |" time="0"/>
  <testcase name="And I click login button" classname="| 001-1240 | Naveen123 |" time="0"/>
  <testcase name="Then I should see user home page" classname="| 001-1240 | Naveen123 |" time="0"/>
  <testcase name="| 001-1240 | Naveen123 |" classname="| 001-1240 | Naveen123 |" time="0.692"/>
</testsuite>